Loaded 5 column mappings for structures
Loading Structures data...
  v0: 100,484 rows, 28 columns
  v1: 118,608 rows, 25 columns
Analyzing row changes...
Analyzing column fill rates...
Generating report...
Loaded 10 column mappings for services
Loading Services data...
  v0: 145,668 rows, 45 columns
  v1: 187,464 rows, 37 columns
Analyzing row changes...
Analyzing column fill rates...
Generating report...
================================================================================
  DATA QUALITY COMPARISON REPORT: STRUCTURES
================================================================================

📊 OVERVIEW
----------------------------------------
  v0:    100,484 rows |  28 columns
  v1:    118,608 rows |  25 columns
  Δ:  +    18,124 rows (+18.0%)

📈 GLOBAL FILL RATE (% of non-null cells)
----------------------------------------
  v0:  57.56%
  v1:  75.10%
  ✅ Improvement: +17.54 points

🔄 ROW CHANGES BY SOURCE
----------------------------------------
  Source                     v0       v1    Added  Removed     Kept
  ----------------------------------------------------------------------
  action-logement           120      120       +0       -0      120
  agefiph                     1       20      +20       -1        0
  carif-oref              2,131    2,096     +421     -456    1,675
  cd35                    3,599    3,617      +18       -0    3,599
  dora                    9,595   14,226    +5438     -807    8,788
  emplois-de-linclusion    9,174   17,255    +8108      -27    9,147
  france-travail            886      886       +1       -1      885
  fredo                   1,551    1,679     +141      -13    1,538
  ma-boussole-aidants         0   14,081   +14081       -0        0
  mediation-numerique    26,319   15,824    +9596   -20091    6,228
  mes-aides               1,691    1,161     +148     -678    1,013
  mission-locale              6        6       +0       -0        6
  monenfant              13,809   13,920    +1727    -1616   12,193
  odspep                  6,377    6,438      +61       -0    6,377
  reseau-alpha              742      753      +11       -0      742
  soliguide              24,483   26,526    +3814    -1771   22,712
  ----------------------------------------------------------------------
  TOTAL                 100,484  118,608   +43585   -25461   75,023

⭐ SCORE QUALITÉ ANALYSIS
----------------------------------------
  ⚠️ Column not found in either version

🔗 CLUSTER_ID ANALYSIS
----------------------------------------
  Metric                              v0           v1
  -------------------------------------------------------
  Distinct clusters                6,057       13,978
  Rows with cluster               14,357       34,806
  Fill rate                        14.3%        29.3%

📋 COLUMN FILL RATES (sorted by improvement)
----------------------------------------
  Column                                            v0 %     v1 %       Change
  ---------------------------------------------------------------------------
  _has_pii                                             —    100.0        ✨ NEW
  _in_opendata                                         —    100.0        ✨ NEW
  _is_closed                                           —    100.0        ✨ NEW
  _is_valid                                            —    100.0        ✨ NEW
  labels_nationaux → reseaux_porteurs               15.8     55.4    🔄 ✅ +39.6
  presentation_detail → description                 46.0     64.9    🔄 ✅ +18.9
  lien_source                                       58.9     75.5      ✅ +16.6
  cluster_id → _cluster_id                          14.3     29.3    🔄 ✅ +15.1
  telephone                                         49.4     63.7      ✅ +14.3
  siret                                             32.5     43.1      ✅ +10.6
  code_insee                                        87.6     92.0         +4.4
  latitude                                          92.8     95.8         +3.0
  longitude                                         92.8     95.8         +3.0
  courriel                                          56.7     58.8         +2.1
  adresse                                           92.5     94.6         +2.1
  code_postal                                       95.6     97.0         +1.4
  complement_adresse                                16.2     17.5         +1.3
  commune                                           95.6     96.9         +1.3
  id                                               100.0    100.0         +0.0
  source                                           100.0    100.0         +0.0
  rna                                                0.0        —   🗑️ REMOVED
  nom                                              100.0    100.0         -0.0
  date_maj                                         100.0    100.0         -0.0
  accessibilite → accessibilite_lieu                 1.1      1.0       🔄 -0.1
  site_web                                          49.4     47.9         -1.5
  horaires_ouverture → horaires_accueil             53.1     48.3       🔄 -4.8
  labels_autres                                      9.3        —   🗑️ REMOVED
  antenne                                           19.6        —   🗑️ REMOVED
  typologie                                         38.7        —   🗑️ REMOVED
  thematiques                                       45.3        —   🗑️ REMOVED
  presentation_resume                               48.5        —   🗑️ REMOVED
  _di_surrogate_id                                 100.0        —   🗑️ REMOVED

================================================================================
  SUMMARY
================================================================================
  ✅ Columns with improved fill rate: 14
  ⚠️ Columns with degraded fill rate: 2
  🔄 Columns renamed (v0 → v1): 5
  ✨ New columns in v1: 4
  🗑️ Columns removed in v1: 7

  📊 Net row change: +18,124 (+18.0%)
  🔄 Rows matched between versions: 75,023
  📈 Overall fill rate improved by 17.54 percentage points

================================================================================

================================================================================
  DATA QUALITY COMPARISON REPORT: SERVICES
================================================================================

📊 OVERVIEW
----------------------------------------
  v0:    145,668 rows |  45 columns
  v1:    187,464 rows |  37 columns
  Δ:  +    41,796 rows (+28.7%)

📈 GLOBAL FILL RATE (% of non-null cells)
----------------------------------------
  v0:  65.27%
  v1:  73.11%
  ✅ Improvement: +7.84 points

🔄 ROW CHANGES BY SOURCE
----------------------------------------
  Source                     v0       v1    Added  Removed     Kept
  ----------------------------------------------------------------------
  action-logement         2,520    2,640     +120       -0    2,520
  agefiph                    23      880     +880      -23        0
  carif-oref              6,347    5,558    +3146    -3935    2,412
  dora                   12,406   19,121    +8552    -1837   10,569
  france-travail         20,354    8,836    +2665   -14183    6,171
  fredo                   2,439    3,046     +639      -32    2,407
  ma-boussole-aidants         0   14,250   +14250       -0        0
  mediation-numerique    26,319   15,824    +9596   -20091    6,228
  mes-aides               1,948    1,246     +194     -896    1,052
  mission-locale             60       60       +0       -0       60
  monenfant              13,797   13,920    +1739    -1616   12,181
  odspep                  8,313    8,987     +776     -102    8,211
  reseau-alpha              295      388      +93       -0      295
  soliguide              50,847   92,708   +46199    -4338   46,509
  ----------------------------------------------------------------------
  TOTAL                 145,668  187,464   +88849   -47053   98,615

⭐ SCORE QUALITÉ ANALYSIS
----------------------------------------
  Metric                    v0           v1       Change
  -------------------------------------------------------
  Mean                    0.76         0.84 +       0.07
  Median                  0.80         0.90 +       0.10
  Std Dev                 0.22         0.20
  Min                     0.00         0.00
  Max                     1.00         1.00
  Fill Rate %           100.0%        97.7%       -2.3%

🔗 CLUSTER_ID ANALYSIS
----------------------------------------
  ⚠️ Column not found in either version

📋 COLUMN FILL RATES (sorted by improvement)
----------------------------------------
  Column                                            v0 %     v1 %       Change
  ---------------------------------------------------------------------------
  _has_pii                                             —    100.0        ✨ NEW
  _in_opendata                                         —    100.0        ✨ NEW
  _is_valid                                            —    100.0        ✨ NEW
  publics_precisions                                   —     64.6        ✨ NEW
  horaires_accueil                                     —     57.0        ✨ NEW
  presentation_detail → description                 63.6     98.5    🔄 ✅ +34.8
  mobilisation_precisions                              —     25.8        ✨ NEW
  lien_source                                       54.4     78.9      ✅ +24.5
  modes_orientation_beneficiaire → modes_m...       73.8     88.5    🔄 ✅ +14.7
  modes_orientation_accompagnateur → mobil...       76.0     90.6    🔄 ✅ +14.6
  pre_requis → conditions_acces                      8.9     18.9    🔄 ✅ +10.0
  profils → publics                                 69.1     77.2     🔄 ✅ +8.0
  courriel                                          56.7     64.3       ✅ +7.7
  types → type                                      88.8     93.5       🔄 +4.8
  complement_adresse                                20.0     23.8         +3.8
  code_insee                                        90.1     92.2         +2.1
  latitude                                          94.6     96.6         +1.9
  longitude                                         94.6     96.6         +1.9
  nombre_semaines                                      —      1.6        ✨ NEW
  contact_nom_prenom                                 4.7      6.2         +1.5
  frais                                             88.1     89.1         +1.0
  code_postal                                       96.8     97.3         +0.5
  commune                                           96.8     97.3         +0.5
  id                                               100.0    100.0         +0.0
  source                                           100.0    100.0         +0.0
  structure_id                                     100.0    100.0         +0.0
  date_maj                                         100.0    100.0         -0.0
  nom                                              100.0    100.0         -0.0
  adresse                                           94.2     94.2         -0.0
  prise_rdv                                          0.4        —   🗑️ REMOVED
  modes_accueil                                     94.3     93.8         -0.5
  score_qualite                                    100.0     97.7         -2.3
  justificatifs                                      2.4        —   🗑️ REMOVED
  frais_autres → frais_precisions                   17.7     14.8       🔄 -2.9
  date_suspension                                    6.6        —   🗑️ REMOVED
  formulaire_en_ligne → lien_mobilisation           19.8     11.3    🔄 ⚠️ -8.4
  modes_orientation_beneficiaire_autres              8.9        —   🗑️ REMOVED
  thematiques                                       94.5     85.3      ⚠️ -9.2
  telephone                                         66.1     56.4      ⚠️ -9.7
  zone_diffusion_type → zone_eligibilite            99.9     90.0    🔄 ⚠️ -9.9
  page_web                                          11.1        —   🗑️ REMOVED
  modes_orientation_accompagnateur_autres           19.4        —   🗑️ REMOVED
  date_creation                                     25.3        —   🗑️ REMOVED
  recurrence → volume_horaire_hebdomadaire          43.2      3.1   🔄 ⚠️ -40.1
  profils_precisions                                43.9        —   🗑️ REMOVED
  contact_public                                    57.7        —   🗑️ REMOVED
  cumulable                                         74.5        —   🗑️ REMOVED
  presentation_resume                               89.3        —   🗑️ REMOVED
  zone_diffusion_code                               92.7        —   🗑️ REMOVED
  zone_diffusion_nom                                98.1        —   🗑️ REMOVED
  _di_structure_surrogate_id                       100.0        —   🗑️ REMOVED
  _di_surrogate_id                                 100.0        —   🗑️ REMOVED

================================================================================
  SUMMARY
================================================================================
  ✅ Columns with improved fill rate: 13
  ⚠️ Columns with degraded fill rate: 7
  🔄 Columns renamed (v0 → v1): 10
  ✨ New columns in v1: 7
  🗑️ Columns removed in v1: 15

  📊 Net row change: +41,796 (+28.7%)
  🔄 Rows matched between versions: 98,615
  📈 Overall fill rate improved by 7.84 percentage points

================================================================================
